STEP to UG
! INFO-     NX STEP AP214 - V2007
! INFO-      
! INFO-     Start of Translation: 17-OCT-2024  7:12:32 PM
! INFO-      
! STATUS-   Converting Part: C:\Users\Piotr\Documents\Studia\Magisterka\Semestr_2\projekt_integrujacy\NX\SKF_FY 12 TF.stp
! SUMMARY-   
! SUMMARY-    STEP Header Information
! SUMMARY-   
! SUMMARY-  Description      STEP AP214
! SUMMARY-  Imp_Level        2;1
! SUMMARY-  File_Name        SKF_FY 12 TF
! SUMMARY-  Date             2024-09-10T22:30:49+02:00
! SUMMARY-  Author           License CC BY-ND 4.0
! SUMMARY-  Organization     CADENAS
! SUMMARY-  Pre_Version      ST-DEVELOPER v19.3
! SUMMARY-  Orig_System      PARTsolutions
! SUMMARY-  Authorization      
! SUMMARY-  Schema_ID        automotive_design
! SUMMARY-   
! SUMMARY-    Summary of STEP Entities
! SUMMARY-   
! SUMMARY-  Entity Type                                                   Count
! SUMMARY-  -----------                                                   ------
! SUMMARY-  advanced_face ..............................................:    336
! SUMMARY-  application_context ........................................:      1
! SUMMARY-  axis2_placement_3d .........................................:    668
! SUMMARY-  b_spline_curve_with_knots ..................................:     37
! SUMMARY-  cartesian_point ............................................:   1785
! SUMMARY-  circle .....................................................:    312
! SUMMARY-  closed_shell ...............................................:      4
! SUMMARY-  conical_surface ............................................:     43
! SUMMARY-  context_dependent_shape_representation .....................:     11
! SUMMARY-  cylindrical_surface ........................................:    109
! SUMMARY-  degenerate_toroidal_surface ................................:      1
! SUMMARY-  direction ..................................................:   1708
! SUMMARY-  edge_curve .................................................:    729
! SUMMARY-  edge_loop ..................................................:    482
! SUMMARY-  ellipse ....................................................:      8
! SUMMARY-  face_bound .................................................:    483
! SUMMARY-  geometric_representation_context_and_global_uncertainty_a ..:      5
! SUMMARY-  item_defined_transformation ................................:     11
! SUMMARY-  length_unit_and_si_unit ....................................:      1
! SUMMARY-  line .......................................................:    372
! SUMMARY-  manifold_solid_brep ........................................:      4
! SUMMARY-  next_assembly_usage_occurrence .............................:     11
! SUMMARY-  oriented_edge ..............................................:   1458
! SUMMARY-  plane ......................................................:    154
! SUMMARY-  plane_angle_unit_and_si_unit ...............................:      1
! SUMMARY-  product ....................................................:      5
! SUMMARY-  product_context ............................................:      5
! SUMMARY-  product_definition .........................................:      5
! SUMMARY-  product_definition_context .................................:      5
! SUMMARY-  product_definition_formation_with_specified_source .........:      5
! SUMMARY-  product_definition_shape ...................................:     16
! SUMMARY-  product_related_product_category ...........................:      5
! SUMMARY-  representation_relationship_with_transformation_and_shape ..:     11
! SUMMARY-  shape_representation .......................................:      5
! SUMMARY-  si_unit_and_solid_angle_unit ...............................:      1
! SUMMARY-  spherical_surface ..........................................:      8
! SUMMARY-  toroidal_surface ...........................................:     21
! SUMMARY-  uncertainty_measure_with_unit ..............................:      5
! SUMMARY-  vector .....................................................:    372
! SUMMARY-  vertex_loop ................................................:      1
! SUMMARY-  vertex_point ...............................................:    532
! SUMMARY-                                                               -------
! SUMMARY-  Total                                                           9736
! STATUS-    
! STATUS-   Converting to Output Form (Phase 2 of 3): 17-OCT-2024 7:12:32 PM
! STATUS-    
! STATUS-    
! STATUS-   Generating UG geometry and placing them in parts
! STATUS-    
! STATUS-   Creating the UG part (Phase 3 of 3): 17-OCT-2024  7:12:33 PM
! INFO-     Filing Part ..: C:\Users\Piotr\Documents\Studia\Magisterka\Semestr_2\projekt_integrujacy\NX\12-40-27.4-12-ybrg1-36-6.747-28.5
! SUMMARY-   
! SUMMARY-  Summary of Unigraphics Part Entities
! SUMMARY-   
! SUMMARY-  Entities Processed             Count
! SUMMARY-  ------------------             -----
! SUMMARY-  Part Attribute ..............:    12
! SUMMARY-  Solid .......................:     1
! SUMMARY-                                 -----
! SUMMARY-  Total                             13
! STATUS-   Creating the UG part (Phase 3 of 3): 17-OCT-2024  7:12:34 PM
! INFO-     Filing Part ..: C:\Users\Piotr\Documents\Studia\Magisterka\Semestr_2\projekt_integrujacy\NX\YAR 203_12-2F-bearing
! SUMMARY-   
! SUMMARY-  Summary of Unigraphics Part Entities
! SUMMARY-   
! SUMMARY-  Entities Processed             Count
! SUMMARY-  ------------------             -----
! SUMMARY-  Part Attribute ..............:    12
! SUMMARY-  Solid .......................:     1
! SUMMARY-                                 -----
! SUMMARY-  Total                             13
! STATUS-   Creating the UG part (Phase 3 of 3): 17-OCT-2024  7:12:34 PM
! INFO-     Filing Part ..: C:\Users\Piotr\Documents\Studia\Magisterka\Semestr_2\projekt_integrujacy\NX\1_4-28 SAE-LT
! SUMMARY-   
! SUMMARY-  Summary of Unigraphics Part Entities
! SUMMARY-   
! SUMMARY-  Entities Processed             Count
! SUMMARY-  ------------------             -----
! SUMMARY-  Part Attribute ..............:    12
! SUMMARY-  Solid .......................:     1
! SUMMARY-                                 -----
! SUMMARY-  Total                             13
! STATUS-   Creating the UG part (Phase 3 of 3): 17-OCT-2024  7:12:34 PM
! INFO-     Filing Part ..: C:\Users\Piotr\Documents\Studia\Magisterka\Semestr_2\projekt_integrujacy\NX\FY 503 M-h
! SUMMARY-   
! SUMMARY-  Summary of Unigraphics Part Entities
! SUMMARY-   
! SUMMARY-  Entities Processed             Count
! SUMMARY-  ------------------             -----
! SUMMARY-  Part Attribute ..............:    12
! SUMMARY-  Solid .......................:     1
! SUMMARY-                                 -----
! SUMMARY-  Total                             13
! STATUS-   Creating the UG part (Phase 3 of 3): 17-OCT-2024  7:12:35 PM
! INFO-     Filing Part ..: C:\Users\Piotr\Documents\Studia\Magisterka\Semestr_2\projekt_integrujacy\NX\SKF_FY 12 TF.prt
! SUMMARY-   
! SUMMARY-  Summary of Unigraphics Part Entities
! SUMMARY-   
! SUMMARY-  Entities Processed             Count
! SUMMARY-  ------------------             -----
! SUMMARY-  Part Attribute ..............:    12
! SUMMARY-  Group .......................:    11
! SUMMARY-                                 -----
! SUMMARY-  Total                             23
! INFO-      
! INFO-     Total number of solids input for this translation       :         4
! INFO-      
! INFO-     Number of solids created without body validation faults :         4
! INFO-      
! INFO-     Number of solids created with body validation fault(s)  :         0
! INFO-      
! INFO-     Number of solids ending up as sheet bodies              :         0
! INFO-      
! INFO-     End of Translation: 17-OCT-2024  7:12:37 PM
! INFO-      
