STEP to UG
! INFO-     NX STEP AP214 - V2007
! INFO-      
! INFO-     Start of Translation: 17-OCT-2024  7:37:19 PM
! INFO-      
! STATUS-   Converting Part: C:\Users\Piotr\Documents\Studia\Magisterka\Semestr_2\projekt_integrujacy\NX\skf_bearing_30202_2.stp
! SUMMARY-   
! SUMMARY-    STEP Header Information
! SUMMARY-   
! SUMMARY-  Description      STEP AP214
! SUMMARY-  Imp_Level        1
! SUMMARY-  File_Name        skf_bearing_30202_2.stp
! SUMMARY-  Date             2024-08-20T02:01:27
! SUMMARY-  Author           TraceParts
! SUMMARY-  Organization     TraceParts S.A.
! SUMMARY-  Pre_Version      Spatial InterOp 3D
! SUMMARY-  Orig_System       
! SUMMARY-  Authorization     
! SUMMARY-  Schema_ID        automotive_design
! SUMMARY-   
! SUMMARY-    Summary of STEP Entities
! SUMMARY-   
! SUMMARY-  Entity Type                                                   Count
! SUMMARY-  -----------                                                   ------
! SUMMARY-  advanced_face ..............................................:    124
! SUMMARY-  application_context ........................................:      1
! SUMMARY-  axis2_placement_3d .........................................:    286
! SUMMARY-  b_spline_curve_with_knots ..................................:     56
! SUMMARY-  cartesian_point ............................................:   1625
! SUMMARY-  circle .....................................................:    159
! SUMMARY-  closed_shell ...............................................:      3
! SUMMARY-  conical_surface ............................................:     42
! SUMMARY-  conversion_based_unit_and_length_unit ......................:      1
! SUMMARY-  cylindrical_surface ........................................:      6
! SUMMARY-  dimensional_exponents ......................................:      2
! SUMMARY-  direction ..................................................:    620
! SUMMARY-  edge_curve .................................................:    263
! SUMMARY-  edge_loop ..................................................:    156
! SUMMARY-  face_bound .................................................:     32
! SUMMARY-  face_outer_bound ...........................................:    124
! SUMMARY-  geometric_representation_context_and_global_uncertainty_a ..:      1
! SUMMARY-  length_measure_with_unit ...................................:      1
! SUMMARY-  length_unit_and_si_unit ....................................:      1
! SUMMARY-  line .......................................................:     48
! SUMMARY-  manifold_solid_brep ........................................:      3
! SUMMARY-  oriented_edge ..............................................:    526
! SUMMARY-  plane ......................................................:     32
! SUMMARY-  plane_angle_unit_and_si_unit ...............................:      1
! SUMMARY-  product ....................................................:      1
! SUMMARY-  product_category ...........................................:      1
! SUMMARY-  product_context ............................................:      1
! SUMMARY-  product_definition .........................................:      1
! SUMMARY-  product_definition_context .................................:      1
! SUMMARY-  product_definition_formation_with_specified_source .........:      1
! SUMMARY-  product_definition_shape ...................................:      1
! SUMMARY-  product_related_product_category ...........................:      1
! SUMMARY-  si_unit_and_solid_angle_unit ...............................:      1
! SUMMARY-  toroidal_surface ...........................................:     44
! SUMMARY-  uncertainty_measure_with_unit ..............................:      1
! SUMMARY-  vector .....................................................:     48
! SUMMARY-  vertex_point ...............................................:    171
! SUMMARY-                                                               -------
! SUMMARY-  Total                                                           4386
! STATUS-    
! STATUS-   Converting to Output Form (Phase 2 of 3): 17-OCT-2024 7:37:20 PM
! STATUS-    
! STATUS-    
! STATUS-   Generating UG geometry and placing them in parts
! STATUS-    
! STATUS-   Creating the UG part (Phase 3 of 3): 17-OCT-2024  7:37:20 PM
! INFO-     Filing Part ..: C:\Users\Piotr\Documents\Studia\Magisterka\Semestr_2\projekt_integrujacy\NX\skf_bearing_30202_2.prt
! SUMMARY-   
! SUMMARY-  Summary of Unigraphics Part Entities
! SUMMARY-   
! SUMMARY-  Entities Processed             Count
! SUMMARY-  ------------------             -----
! SUMMARY-  Part Attribute ..............:    14
! SUMMARY-  Reference Set ...............:     3
! SUMMARY-  Solid .......................:     3
! SUMMARY-                                 -----
! SUMMARY-  Total                             20
! INFO-      
! INFO-     Total number of solids input for this translation       :         3
! INFO-      
! INFO-     Number of solids created without body validation faults :         3
! INFO-      
! INFO-     Number of solids created with body validation fault(s)  :         0
! INFO-      
! INFO-     Number of solids ending up as sheet bodies              :         0
! INFO-      
! INFO-     End of Translation: 17-OCT-2024  7:37:20 PM
! INFO-      
